<?xml version="1.0" encoding="UTF-8"?>
<testsuite xmlns:xsi="http://www.w3.org/2001/XMLSchema-instance" xsi:noNamespaceSchemaLocation="https://maven.apache.org/surefire/maven-surefire-plugin/xsd/surefire-test-report.xsd" version="3.0.2" name="br.com.vaicomigo.VaiComigoApplicationTests" time="2.35" tests="1" errors="0" skipped="0" failures="0" flakes="0">
  <properties>
[...]
</properties>
  <testcase name="contextLoads" classname="br.com.vaicomigo.VaiComigoApplicationTests" time="0.648">
    <system-out><![CDATA[20:21:28.354 [main] INFO org.springframework.test.context.support.AnnotationConfigContextLoaderUtils -- Could not detect default configuration classes for test class [br.com.vaicomigo.VaiComigoApplicationTests]: VaiComigoApplicationTests does not declare any static, non-private, non-final, nested classes annotated with @Configuration.
20:21:28.453 [main] INFO org.springframework.boot.test.context.SpringBootTestContextBootstrapper -- Found @SpringBootConfiguration br.com.vaicomigo.VaiComigoApplication for test class br.com.vaicomigo.VaiComigoApplicationTests
20:21:28.534 [main] INFO org.springframework.test.context.support.AnnotationConfigContextLoaderUtils -- Could not detect default configuration classes for test class [br.com.vaicomigo.VaiComigoApplicationTests]: VaiComigoApplicationTests does not declare any static, non-private, non-final, nested classes annotated with @Configuration.
20:21:28.536 [main] INFO org.springframework.boot.test.context.SpringBootTestContextBootstrapper -- Found @SpringBootConfiguration br.com.vaicomigo.VaiComigoApplication for test class br.com.vaicomigo.VaiComigoApplicationTests

  .   ____          _            __ _ _
 /\\ / ___'_ __ _ _(_)_ __  __ _ \ \ \ \
( ( )\___ | '_ | '_| | '_ \/ _` | \ \ \ \
 \\/  ___)| |_)| | | | | || (_| |  ) ) ) )
  '  |____| .__|_| |_|_| |_\__, | / / / /
 =========|_|==============|___/=/_/_/_/

 :: Spring Boot ::                (v4.1.0)

2026-08-07T20:21:28.887Z  INFO 4684 --- [vai-comigo] [           main] b.c.vaicomigo.VaiComigoApplicationTests  : Starting VaiComigoApplicationTests using Java 17.0.19 with PID 4684 (started by runner in /home/runner/work/vai-comigo/vai-comigo)
2026-08-07T20:21:28.888Z  INFO 4684 --- [vai-comigo] [           main] b.c.vaicomigo.VaiComigoApplicationTests  : No active profile set, falling back to 1 default profile: "default"
2026-08-07T20:21:29.849Z  INFO 4684 --- [vai-comigo] [           main] b.c.vaicomigo.VaiComigoApplicationTests  : Started VaiComigoApplicationTests in 1.261 seconds (process running for 2.365)
]]></system-out>
  </testcase>
</testsuite>